<?xml version="1.0" encoding="UTF-8"?>
<!-- Generated by org.testng.reporters.JUnitXMLReporter -->
<testsuite ignored="1" hostname="admin-PC" failures="0" tests="2" name="TC003_AddRemv" time="19.238" errors="0" timestamp="2023-10-16T17:34:04 IST">
  <testcase classname="sauceDemo.TC003_AddRemv" name="AddToCart" time="0.188"/>
  <testcase classname="sauceDemo.TC003_AddRemv" name="AddToCart" time="0.43"/>
  <testcase classname="sauceDemo.TC003_AddRemv" name="AddRemoveCart" time="0.0">
    <ignored/>
  </testcase> <!-- AddRemoveCart -->
</testsuite> <!-- TC003_AddRemv -->
