<?xml version="1.0" encoding="UTF-8"?>
<testng-results ignored="0" total="2" passed="2" failed="0" skipped="0">
  <reporter-output>
  </reporter-output>
  <suite started-at="2023-10-21T19:29:57 IST" name="TestScripts" finished-at="2023-10-21T19:30:46 IST" duration-ms="49272">
    <groups>
    </groups>
    <test started-at="2023-10-21T19:29:57 IST" name="TempFile" finished-at="2023-10-21T19:30:46 IST" duration-ms="49272">
      <class name="core.TempFile">
        <test-method is-config="true" signature="openBrower(java.lang.String)[pri:0, instance:core.TempFile@70cf32e3]" started-at="2023-10-21T19:29:57 IST" name="openBrower" finished-at="2023-10-21T19:30:02 IST" duration-ms="5268" status="PASS">
          <params>
            <param index="0">
              <value>
                <![CDATA[chrome]]>
              </value>
            </param>
          </params>
          <reporter-output>
          </reporter-output>
        </test-method> <!-- openBrower -->
        <test-method signature="addToCart(java.lang.String,java.lang.String)[pri:0, instance:core.TempFile@70cf32e3]" started-at="2023-10-21T19:30:03 IST" name="addToCart" data-provider="getTestdata()" finished-at="2023-10-21T19:30:39 IST" duration-ms="35360" status="PASS">
          <params>
            <param index="0">
              <value>
                <![CDATA[standard_user]]>
              </value>
            </param>
            <param index="1">
              <value>
                <![CDATA[secret_sauce]]>
              </value>
            </param>
          </params>
          <reporter-output>
          </reporter-output>
        </test-method> <!-- addToCart -->
        <test-method signature="addToCart(java.lang.String,java.lang.String)[pri:0, instance:core.TempFile@70cf32e3]" started-at="2023-10-21T19:30:39 IST" name="addToCart" data-provider="getTestdata()" finished-at="2023-10-21T19:30:43 IST" duration-ms="4223" status="PASS">
          <params>
            <param index="0">
              <value>
                <![CDATA[problem_user]]>
              </value>
            </param>
            <param index="1">
              <value>
                <![CDATA[secret_sauce]]>
              </value>
            </param>
          </params>
          <reporter-output>
          </reporter-output>
        </test-method> <!-- addToCart -->
        <test-method is-config="true" signature="closeBrowser()[pri:0, instance:core.TempFile@70cf32e3]" started-at="2023-10-21T19:30:43 IST" name="closeBrowser" finished-at="2023-10-21T19:30:46 IST" duration-ms="3205" status="PASS">
          <reporter-output>
          </reporter-output>
        </test-method> <!-- closeBrowser -->
      </class> <!-- core.TempFile -->
    </test> <!-- TempFile -->
  </suite> <!-- TestScripts -->
</testng-results>
